{
  "RSpec": {
    "coverage": {
      "/Users/sildur/workspace/carto_demo/config/environment.rb": [
        null,
        1,
        null,
        null,
        1
      ],
      "/Users/sildur/workspace/carto_demo/config/application.rb": [
        1,
        null,
        1,
        null,
        1,
        1,
        1,
        1,
        1,
        1,
        1,
        1,
        1,
        1,
        null,
        null,
        null,
        null,
        null,
        1,
        null,
        1,
        1,
        null,
        1,
        null,
        null,
        null,
        null,
        null,
        null,
        null,
        null,
        null,
        1,
        null,
        null
      ],
      "/Users/sildur/workspace/carto_demo/config/boot.rb": [
        1,
        null,
        1,
        1
      ],
      "/Users/sildur/workspace/carto_demo/config/environments/test.rb": [
        null,
        null,
        null,
        null,
        null,
        1,
        null,
        null,
        1,
        null,
        null,
        null,
        null,
        1,
        null,
        null,
        1,
        1,
        null,
        null,
        null,
        null,
        1,
        1,
        1,
        null,
        null,
        1,
        null,
        null,
        1,
        null,
        null,
        1,
        null,
        1,
        null,
        null,
        null,
        null,
        1,
        null,
        null,
        1,
        null,
        null,
        null,
        null
      ],
      "/Users/sildur/workspace/carto_demo/config/initializers/application_controller_renderer.rb": [
        null,
        null,
        null,
        null,
        null,
        null,
        null,
        null
      ],
      "/Users/sildur/workspace/carto_demo/config/initializers/backtrace_silencers.rb": [
        null,
        null,
        null,
        null,
        null,
        null,
        null
      ],
      "/Users/sildur/workspace/carto_demo/config/initializers/cors.rb": [
        null,
        null,
        null,
        null,
        null,
        null,
        null,
        null,
        null,
        null,
        null,
        null,
        null,
        null,
        null,
        null
      ],
      "/Users/sildur/workspace/carto_demo/config/initializers/filter_parameter_logging.rb": [
        null,
        null,
        null,
        1
      ],
      "/Users/sildur/workspace/carto_demo/config/initializers/inflections.rb": [
        null,
        null,
        null,
        null,
        null,
        null,
        null,
        null,
        null,
        null,
        null,
        null,
        null,
        null,
        null,
        null
      ],
      "/Users/sildur/workspace/carto_demo/config/initializers/mime_types.rb": [
        null,
        null,
        null,
        null
      ],
      "/Users/sildur/workspace/carto_demo/config/initializers/wrap_parameters.rb": [
        null,
        null,
        null,
        null,
        null,
        null,
        1,
        2,
        null,
        null,
        null,
        null,
        null,
        null
      ],
      "/Users/sildur/workspace/carto_demo/spec/factories/activities.rb": [
        null,
        null,
        null,
        null,
        null,
        null,
        null,
        null,
        null,
        null,
        null,
        null,
        null,
        null,
        null,
        null,
        null,
        null,
        null,
        1,
        1,
        51,
        41,
        31,
        51,
        51,
        41,
        41,
        null,
        null
      ],
      "/Users/sildur/workspace/carto_demo/spec/factories/opening_hours.rb": [
        null,
        null,
        null,
        null,
        null,
        null,
        null,
        null,
        null,
        null,
        null,
        null,
        null,
        null,
        null,
        null,
        1,
        1,
        1,
        1,
        1,
        11,
        null,
        null
      ],
      "/Users/sildur/workspace/carto_demo/config/routes.rb": [
        null,
        null,
        1,
        null,
        null,
        1,
        1,
        1,
        1,
        1,
        null,
        null,
        null,
        null,
        null
      ],
      "/Users/sildur/workspace/carto_demo/app/controllers/api/v1/activities_controller.rb": [
        null,
        null,
        1,
        1,
        null,
        1,
        6,
        6,
        6,
        2,
        2,
        null,
        6,
        6,
        null,
        null,
        1,
        10,
        null,
        null,
        null,
        null,
        null,
        10,
        null,
        null,
        1,
        null,
        1,
        14,
        14,
        null,
        14,
        42,
        12,
        null,
        null,
        null,
        14,
        4,
        null,
        null,
        null
      ],
      "/Users/sildur/workspace/carto_demo/app/controllers/application_controller.rb": [
        1,
        null
      ],
      "/Users/sildur/workspace/carto_demo/app/models/activity.rb": [
        null,
        null,
        null,
        null,
        null,
        null,
        null,
        null,
        null,
        null,
        null,
        null,
        null,
        null,
        null,
        null,
        null,
        null,
        1,
        1,
        null,
        1,
        null,
        null,
        1,
        null,
        39,
        null,
        null,
        null,
        null,
        null,
        null,
        null,
        null,
        null,
        null,
        null,
        null,
        null,
        null,
        1,
        16,
        null,
        null,
        1,
        10,
        10,
        null,
        10,
        null,
        null,
        null,
        null,
        null,
        null,
        null,
        null,
        null,
        null,
        null,
        null,
        null,
        null
      ],
      "/Users/sildur/workspace/carto_demo/app/models/application_record.rb": [
        1,
        1,
        null
      ],
      "/Users/sildur/workspace/carto_demo/app/models/opening_hour.rb": [
        null,
        null,
        null,
        null,
        null,
        null,
        null,
        null,
        null,
        null,
        null,
        null,
        null,
        1,
        1,
        null,
        1,
        null
      ]
    },
    "timestamp": 1575977104
  }
}
